Arguments: 
  /usr/local/bin/node /usr/local/Cellar/yarn/1.22.10/libexec/bin/yarn.js publish

PATH: 
  /usr/local/bin:/usr/bin:/bin:/usr/sbin:/sbin:/Applications/VMware Fusion.app/Contents/Public:/usr/local/go/bin:/usr/local/share/dotnet:~/.dotnet/tools:/Library/Frameworks/Mono.framework/Versions/Current/Commands:/Users/apple/opt/anaconda3/bin:/Users/apple/opt/anaconda3/condabin

Yarn version: 
  1.22.10

Node version: 
  14.16.0

Platform: 
  darwin x64

Trace: 
  Error: canceled
      at Interface.<anonymous> (/usr/local/Cellar/yarn/1.22.10/libexec/lib/cli.js:137009:13)
      at Interface.emit (events.js:315:20)
      at Interface._ttyWrite (readline.js:875:16)
      at ReadStream.onkeypress (readline.js:213:10)
      at ReadStream.emit (events.js:315:20)
      at emitKeys (internal/readline/utils.js:345:14)
      at emitKeys.next (<anonymous>)
      at ReadStream.onData (readline.js:1144:36)
      at ReadStream.emit (events.js:315:20)
      at addChunk (internal/streams/readable.js:309:12)

npm manifest: 
  {
    "name": "rotate-dom",
    "version": "0.1.2X",
    "files": [
      "src/components/*"
    ],
    "main": "src/components/index.tsx",
    "scripts": {
      "dev": "vite",
      "publishe": "node ./scripts/publish.js",
      "build": "tsc && vite build",
      "serve": "vite preview"
    },
    "dependencies": {
      "react": "^17.0.0",
      "react-dom": "^17.0.0",
      "rotate-dom": "^0.0.3"
    },
    "devDependencies": {
      "@types/node": "^14.14.37",
      "@types/react": "^17.0.0",
      "@types/react-dom": "^17.0.0",
      "@vitejs/plugin-react-refresh": "^1.3.1",
      "shelljs": "^0.8.4",
      "stylus": "^0.54.8",
      "typescript": "^4.1.2",
      "vite": "^2.1.5"
    }
  }

yarn manifest: 
  No manifest

Lockfile: 
  # THIS IS AN AUTOGENERATED FILE. DO NOT EDIT THIS FILE DIRECTLY.
  # yarn lockfile v1
  
  
  "@babel/code-frame@^7.12.13":
    version "7.12.13"
    resolved "https://registry.npm.taobao.org/@babel/code-frame/download/@babel/code-frame-7.12.13.tgz"
    integrity sha1-3PyCa+72XnXFDiHTg319lXmN1lg=
    dependencies:
      "@babel/highlight" "^7.12.13"
  
  "@babel/compat-data@^7.13.12":
    version "7.13.12"
    resolved "https://registry.npm.taobao.org/@babel/compat-data/download/@babel/compat-data-7.13.12.tgz?cache=0&sync_timestamp=1616428032976&other_urls=https%3A%2F%2Fregistry.npm.taobao.org%2F%40babel%2Fcompat-data%2Fdownload%2F%40babel%2Fcompat-data-7.13.12.tgz"
    integrity sha1-qKXMrBnCAPndSWJMrG4Z174SNqE=
  
  "@babel/core@^7.12.13":
    version "7.13.14"
    resolved "https://registry.npm.taobao.org/@babel/core/download/@babel/core-7.13.14.tgz?cache=0&other_urls=https%3A%2F%2Fregistry.npm.taobao.org%2F%40babel%2Fcore%2Fdownload%2F%40babel%2Fcore-7.13.14.tgz"
    integrity sha1-jkbruspGCmNJfHl+V0A4qwSubQY=
    dependencies:
      "@babel/code-frame" "^7.12.13"
      "@babel/generator" "^7.13.9"
      "@babel/helper-compilation-targets" "^7.13.13"
      "@babel/helper-module-transforms" "^7.13.14"
      "@babel/helpers" "^7.13.10"
      "@babel/parser" "^7.13.13"
      "@babel/template" "^7.12.13"
      "@babel/traverse" "^7.13.13"
      "@babel/types" "^7.13.14"
      convert-source-map "^1.7.0"
      debug "^4.1.0"
      gensync "^1.0.0-beta.2"
      json5 "^2.1.2"
      semver "^6.3.0"
      source-map "^0.5.0"
  
  "@babel/generator@^7.13.9":
    version "7.13.9"
    resolved "https://registry.npm.taobao.org/@babel/generator/download/@babel/generator-7.13.9.tgz"
    integrity sha1-Onqpb577jivkLTjYDizrTGTY3jk=
    dependencies:
      "@babel/types" "^7.13.0"
      jsesc "^2.5.1"
      source-map "^0.5.0"
  
  "@babel/helper-compilation-targets@^7.13.13":
    version "7.13.13"
    resolved "https://registry.npm.taobao.org/@babel/helper-compilation-targets/download/@babel/helper-compilation-targets-7.13.13.tgz?cache=0&sync_timestamp=1616793947397&other_urls=https%3A%2F%2Fregistry.npm.taobao.org%2F%40babel%2Fhelper-compilation-targets%2Fdownload%2F%40babel%2Fhelper-compilation-targets-7.13.13.tgz"
    integrity sha1-KylyoJJkdIU/QeStvGkzj1IGAOU=
    dependencies:
      "@babel/compat-data" "^7.13.12"
      "@babel/helper-validator-option" "^7.12.17"
      browserslist "^4.14.5"
      semver "^6.3.0"
  
  "@babel/helper-function-name@^7.12.13":
    version "7.12.13"
    resolved "https://registry.npm.taobao.org/@babel/helper-function-name/download/@babel/helper-function-name-7.12.13.tgz"
    integrity sha1-k61lbbPDwiMlWf17LD29y+DrN3o=
    dependencies:
      "@babel/helper-get-function-arity" "^7.12.13"
      "@babel/template" "^7.12.13"
      "@babel/types" "^7.12.13"
  
  "@babel/helper-get-function-arity@^7.12.13":
    version "7.12.13"
    resolved "https://registry.npm.taobao.org/@babel/helper-get-function-arity/download/@babel/helper-get-function-arity-7.12.13.tgz?cache=0&sync_timestamp=1612314686467&other_urls=https%3A%2F%2Fregistry.npm.taobao.org%2F%40babel%2Fhelper-get-function-arity%2Fdownload%2F%40babel%2Fhelper-get-function-arity-7.12.13.tgz"
    integrity sha1-vGNFHUA6OzCCuX4diz/lvUCR5YM=
    dependencies:
      "@babel/types" "^7.12.13"
  
  "@babel/helper-member-expression-to-functions@^7.13.12":
    version "7.13.12"
    resolved "https://registry.npm.taobao.org/@babel/helper-member-expression-to-functions/download/@babel/helper-member-expression-to-functions-7.13.12.tgz?cache=0&sync_timestamp=1616428156989&other_urls=https%3A%2F%2Fregistry.npm.taobao.org%2F%40babel%2Fhelper-member-expression-to-functions%2Fdownload%2F%40babel%2Fhelper-member-expression-to-functions-7.13.12.tgz"
    integrity sha1-3+No8m1CagcpnY1lE4IXaCFubXI=
    dependencies:
      "@babel/types" "^7.13.12"
  
  "@babel/helper-module-imports@^7.13.12":
    version "7.13.12"
    resolved "https://registry.npm.taobao.org/@babel/helper-module-imports/download/@babel/helper-module-imports-7.13.12.tgz?cache=0&sync_timestamp=1616428145076&other_urls=https%3A%2F%2Fregistry.npm.taobao.org%2F%40babel%2Fhelper-module-imports%2Fdownload%2F%40babel%2Fhelper-module-imports-7.13.12.tgz"
    integrity sha1-xqNppvNiHLJdoBQHhoTakZa2GXc=
    dependencies:
      "@babel/types" "^7.13.12"
  
  "@babel/helper-module-transforms@^7.13.14":
    version "7.13.14"
    resolved "https://registry.npm.taobao.org/@babel/helper-module-transforms/download/@babel/helper-module-transforms-7.13.14.tgz?cache=0&sync_timestamp=1617027384265&other_urls=https%3A%2F%2Fregistry.npm.taobao.org%2F%40babel%2Fhelper-module-transforms%2Fdownload%2F%40babel%2Fhelper-module-transforms-7.13.14.tgz"
    integrity sha1-5gBlK6SMyxZBd1QTyzLPpOi0le8=
    dependencies:
      "@babel/helper-module-imports" "^7.13.12"
      "@babel/helper-replace-supers" "^7.13.12"
      "@babel/helper-simple-access" "^7.13.12"
      "@babel/helper-split-export-declaration" "^7.12.13"
      "@babel/helper-validator-identifier" "^7.12.11"
      "@babel/template" "^7.12.13"
      "@babel/traverse" "^7.13.13"
      "@babel/types" "^7.13.14"
  
  "@babel/helper-optimise-call-expression@^7.12.13":
    version "7.12.13"
    resolved "https://registry.npm.taobao.org/@babel/helper-optimise-call-expression/download/@babel/helper-optimise-call-expression-7.12.13.tgz?cache=0&sync_timestamp=1612314687212&other_urls=https%3A%2F%2Fregistry.npm.taobao.org%2F%40babel%2Fhelper-optimise-call-expression%2Fdownload%2F%40babel%2Fhelper-optimise-call-expression-7.12.13.tgz"
    integrity sha1-XALRcbTIYVsecWP4iMHIHDCiquo=
    dependencies:
      "@babel/types" "^7.12.13"
  
  "@babel/helper-plugin-utils@^7.12.13":
    version "7.13.0"
    resolved "https://registry.npm.taobao.org/@babel/helper-plugin-utils/download/@babel/helper-plugin-utils-7.13.0.tgz"
    integrity sha1-gGUmzhJa7QM3O8QWqCgyHjpqM68=
  
  "@babel/helper-replace-supers@^7.13.12":
    version "7.13.12"
    resolved "https://registry.npm.taobao.org/@babel/helper-replace-supers/download/@babel/helper-replace-supers-7.13.12.tgz?cache=0&sync_timestamp=1616428110982&other_urls=https%3A%2F%2Fregistry.npm.taobao.org%2F%40babel%2Fhelper-replace-supers%2Fdownload%2F%40babel%2Fhelper-replace-supers-7.13.12.tgz"
    integrity sha1-ZEL0wa2RJQJIGlZKc4beDHf/OAQ=
    dependencies:
      "@babel/helper-member-expression-to-functions" "^7.13.12"
      "@babel/helper-optimise-call-expression" "^7.12.13"
      "@babel/traverse" "^7.13.0"
      "@babel/types" "^7.13.12"
  
  "@babel/helper-simple-access@^7.13.12":
    version "7.13.12"
    resolved "https://registry.npm.taobao.org/@babel/helper-simple-access/download/@babel/helper-simple-access-7.13.12.tgz?cache=0&sync_timestamp=1616428158129&other_urls=https%3A%2F%2Fregistry.npm.taobao.org%2F%40babel%2Fhelper-simple-access%2Fdownload%2F%40babel%2Fhelper-simple-access-7.13.12.tgz"
    integrity sha1-3WxTivthgZ0gWgEsMXkqOcel6vY=
    dependencies:
      "@babel/types" "^7.13.12"
  
  "@babel/helper-split-export-declaration@^7.12.13":
    version "7.12.13"
    resolved "https://registry.npm.taobao.org/@babel/helper-split-export-declaration/download/@babel/helper-split-export-declaration-7.12.13.tgz?cache=0&sync_timestamp=1612314686094&other_urls=https%3A%2F%2Fregistry.npm.taobao.org%2F%40babel%2Fhelper-split-export-declaration%2Fdownload%2F%40babel%2Fhelper-split-export-declaration-7.12.13.tgz"
    integrity sha1-6UML4AuvPoiw4T5vnU6vITY3KwU=
    dependencies:
      "@babel/types" "^7.12.13"
  
  "@babel/helper-validator-identifier@^7.12.11":
    version "7.12.11"
    resolved "https://registry.npm.taobao.org/@babel/helper-validator-identifier/download/@babel/helper-validator-identifier-7.12.11.tgz"
    integrity sha1-yaHwIZF9y1zPDU5FPjmQIpgfye0=
  
  "@babel/helper-validator-option@^7.12.17":
    version "7.12.17"
    resolved "https://registry.npm.taobao.org/@babel/helper-validator-option/download/@babel/helper-validator-option-7.12.17.tgz?cache=0&sync_timestamp=1613661300791&other_urls=https%3A%2F%2Fregistry.npm.taobao.org%2F%40babel%2Fhelper-validator-option%2Fdownload%2F%40babel%2Fhelper-validator-option-7.12.17.tgz"
    integrity sha1-0fvwEuGnm37rv9xtJwuq+NnrmDE=
  
  "@babel/helpers@^7.13.10":
    version "7.13.10"
    resolved "https://registry.npm.taobao.org/@babel/helpers/download/@babel/helpers-7.13.10.tgz"
    integrity sha1-/Y4rp0iFM83qxFzBWOnryl48ffg=
    dependencies:
      "@babel/template" "^7.12.13"
      "@babel/traverse" "^7.13.0"
      "@babel/types" "^7.13.0"
  
  "@babel/highlight@^7.12.13":
    version "7.13.10"
    resolved "https://registry.npm.taobao.org/@babel/highlight/download/@babel/highlight-7.13.10.tgz"
    integrity sha1-qLKmYUj1sn1maxXYF3Q0enMdUtE=
    dependencies:
      "@babel/helper-validator-identifier" "^7.12.11"
      chalk "^2.0.0"
      js-tokens "^4.0.0"
  
  "@babel/parser@^7.12.13", "@babel/parser@^7.13.13":
    version "7.13.13"
    resolved "https://registry.npm.taobao.org/@babel/parser/download/@babel/parser-7.13.13.tgz?cache=0&sync_timestamp=1616793947798&other_urls=https%3A%2F%2Fregistry.npm.taobao.org%2F%40babel%2Fparser%2Fdownload%2F%40babel%2Fparser-7.13.13.tgz"
    integrity sha1-QvA4YvSu1QRh5UMnCRa0fdUB8N8=
  
  "@babel/plugin-transform-react-jsx-self@^7.12.13":
    version "7.12.13"
    resolved "https://registry.npm.taobao.org/@babel/plugin-transform-react-jsx-self/download/@babel/plugin-transform-react-jsx-self-7.12.13.tgz"
    integrity sha1-Qi2Z0SLVkqyrnDXqIqbP2b8Yn2A=
    dependencies:
      "@babel/helper-plugin-utils" "^7.12.13"
  
  "@babel/plugin-transform-react-jsx-source@^7.12.13":
    version "7.12.13"
    resolved "https://registry.npm.taobao.org/@babel/plugin-transform-react-jsx-source/download/@babel/plugin-transform-react-jsx-source-7.12.13.tgz?cache=0&sync_timestamp=1612314968534&other_urls=https%3A%2F%2Fregistry.npm.taobao.org%2F%40babel%2Fplugin-transform-react-jsx-source%2Fdownload%2F%40babel%2Fplugin-transform-react-jsx-source-7.12.13.tgz"
    integrity sha1-BR12EmvuXJpqo7o3vi9sFpiFa8s=
    dependencies:
      "@babel/helper-plugin-utils" "^7.12.13"
  
  "@babel/template@^7.12.13":
    version "7.12.13"
    resolved "https://registry.npm.taobao.org/@babel/template/download/@babel/template-7.12.13.tgz"
    integrity sha1-UwJlvooliduzdSOETFvLVZR/syc=
    dependencies:
      "@babel/code-frame" "^7.12.13"
      "@babel/parser" "^7.12.13"
      "@babel/types" "^7.12.13"
  
  "@babel/traverse@^7.13.0", "@babel/traverse@^7.13.13":
    version "7.13.13"
    resolved "https://registry.npm.taobao.org/@babel/traverse/download/@babel/traverse-7.13.13.tgz?cache=0&sync_timestamp=1616793941223&other_urls=https%3A%2F%2Fregistry.npm.taobao.org%2F%40babel%2Ftraverse%2Fdownload%2F%40babel%2Ftraverse-7.13.13.tgz"
    integrity sha1-OaqcIaq2n3TZSKSG3Sii29v1EU0=
    dependencies:
      "@babel/code-frame" "^7.12.13"
      "@babel/generator" "^7.13.9"
      "@babel/helper-function-name" "^7.12.13"
      "@babel/helper-split-export-declaration" "^7.12.13"
      "@babel/parser" "^7.13.13"
      "@babel/types" "^7.13.13"
      debug "^4.1.0"
      globals "^11.1.0"
  
  "@babel/types@^7.12.13", "@babel/types@^7.13.0", "@babel/types@^7.13.12", "@babel/types@^7.13.13", "@babel/types@^7.13.14":
    version "7.13.14"
    resolved "https://registry.npm.taobao.org/@babel/types/download/@babel/types-7.13.14.tgz?cache=0&sync_timestamp=1617027366853&other_urls=https%3A%2F%2Fregistry.npm.taobao.org%2F%40babel%2Ftypes%2Fdownload%2F%40babel%2Ftypes-7.13.14.tgz"
    integrity sha1-w1pKuxXHzUWidG14qzKONiy6zg0=
    dependencies:
      "@babel/helper-validator-identifier" "^7.12.11"
      lodash "^4.17.19"
      to-fast-properties "^2.0.0"
  
  "@types/node@^14.14.37":
    version "14.14.37"
    resolved "https://registry.npm.taobao.org/@types/node/download/@types/node-14.14.37.tgz?cache=0&sync_timestamp=1616803582959&other_urls=https%3A%2F%2Fregistry.npm.taobao.org%2F%40types%2Fnode%2Fdownload%2F%40types%2Fnode-14.14.37.tgz"
    integrity sha1-o92NpOuEqZbDbjMd+Y2Cq9drUW4=
  
  "@types/prop-types@*":
    version "15.7.3"
    resolved "https://registry.npm.taobao.org/@types/prop-types/download/@types/prop-types-15.7.3.tgz"
    integrity sha1-KrDV2i5YFflLC51LldHl8kOrLKc=
  
  "@types/react-dom@^17.0.0":
    version "17.0.3"
    resolved "https://registry.npm.taobao.org/@types/react-dom/download/@types/react-dom-17.0.3.tgz?cache=0&sync_timestamp=1616459857029&other_urls=https%3A%2F%2Fregistry.npm.taobao.org%2F%40types%2Freact-dom%2Fdownload%2F%40types%2Freact-dom-17.0.3.tgz"
    integrity sha1-f983uK+dbUAScTeGW7P/+IcdfuE=
    dependencies:
      "@types/react" "*"
  
  "@types/react@*", "@types/react@^17.0.0":
    version "17.0.3"
    resolved "https://registry.npm.taobao.org/@types/react/download/@types/react-17.0.3.tgz?cache=0&sync_timestamp=1615113978344&other_urls=https%3A%2F%2Fregistry.npm.taobao.org%2F%40types%2Freact%2Fdownload%2F%40types%2Freact-17.0.3.tgz"
    integrity sha1-um4hU2hQGsOCaVHu8pBFdMJizHk=
    dependencies:
      "@types/prop-types" "*"
      "@types/scheduler" "*"
      csstype "^3.0.2"
  
  "@types/scheduler@*":
    version "0.16.1"
    resolved "https://registry.npm.taobao.org/@types/scheduler/download/@types/scheduler-0.16.1.tgz"
    integrity sha1-GIRSBehv8AOFF6q3oYpiprn3EnU=
  
  "@vitejs/plugin-react-refresh@^1.3.1":
    version "1.3.2"
    resolved "https://registry.npm.taobao.org/@vitejs/plugin-react-refresh/download/@vitejs/plugin-react-refresh-1.3.2.tgz"
    integrity sha1-yAfJx3aUlDuOUfCoC6u6aweKMhg=
    dependencies:
      "@babel/core" "^7.12.13"
      "@babel/plugin-transform-react-jsx-self" "^7.12.13"
      "@babel/plugin-transform-react-jsx-source" "^7.12.13"
      react-refresh "^0.9.0"
  
  ansi-styles@^3.2.1:
    version "3.2.1"
    resolved "https://registry.npm.taobao.org/ansi-styles/download/ansi-styles-3.2.1.tgz"
    integrity sha1-QfuyAkPlCxK+DwS43tvwdSDOhB0=
    dependencies:
      color-convert "^1.9.0"
  
  atob@^2.1.2:
    version "2.1.2"
    resolved "https://registry.npm.taobao.org/atob/download/atob-2.1.2.tgz#6d9517eb9e030d2436666651e86bd9f6f13533c9"
    integrity sha1-bZUX654DDSQ2ZmZR6GvZ9vE1M8k=
  
  balanced-match@^1.0.0:
    version "1.0.2"
    resolved "https://registry.npm.taobao.org/balanced-match/download/balanced-match-1.0.2.tgz?cache=0&sync_timestamp=1617714233441&other_urls=https%3A%2F%2Fregistry.npm.taobao.org%2Fbalanced-match%2Fdownload%2Fbalanced-match-1.0.2.tgz#e83e3a7e3f300b34cb9d87f615fa0cbf357690ee"
    integrity sha1-6D46fj8wCzTLnYf2FfoMvzV2kO4=
  
  brace-expansion@^1.1.7:
    version "1.1.11"
    resolved "https://registry.npm.taobao.org/brace-expansion/download/brace-expansion-1.1.11.tgz#3c7fcbf529d87226f3d2f52b966ff5271eb441dd"
    integrity sha1-PH/L9SnYcibz0vUrlm/1Jx60Qd0=
    dependencies:
      balanced-match "^1.0.0"
      concat-map "0.0.1"
  
  browserslist@^4.14.5:
    version "4.16.3"
    resolved "https://registry.npm.taobao.org/browserslist/download/browserslist-4.16.3.tgz?cache=0&other_urls=https%3A%2F%2Fregistry.npm.taobao.org%2Fbrowserslist%2Fdownload%2Fbrowserslist-4.16.3.tgz"
    integrity sha1-NAqkaUDX24eHSFZ8XeokpI3fNxc=
    dependencies:
      caniuse-lite "^1.0.30001181"
      colorette "^1.2.1"
      electron-to-chromium "^1.3.649"
      escalade "^3.1.1"
      node-releases "^1.1.70"
  
  caniuse-lite@^1.0.30001181:
    version "1.0.30001207"
    resolved "https://registry.npm.taobao.org/caniuse-lite/download/caniuse-lite-1.0.30001207.tgz?cache=0&sync_timestamp=1617514414671&other_urls=https%3A%2F%2Fregistry.npm.taobao.org%2Fcaniuse-lite%2Fdownload%2Fcaniuse-lite-1.0.30001207.tgz"
    integrity sha1-Nk1H01owB+Uo9prbb+ywfCuyzFA=
  
  chalk@^2.0.0:
    version "2.4.2"
    resolved "https://registry.npm.taobao.org/chalk/download/chalk-2.4.2.tgz?cache=0&sync_timestamp=1592843133653&other_urls=https%3A%2F%2Fregistry.npm.taobao.org%2Fchalk%2Fdownload%2Fchalk-2.4.2.tgz"
    integrity sha1-zUJUFnelQzPPVBpJEIwUMrRMlCQ=
    dependencies:
      ansi-styles "^3.2.1"
      escape-string-regexp "^1.0.5"
      supports-color "^5.3.0"
  
  color-convert@^1.9.0:
    version "1.9.3"
    resolved "https://registry.npm.taobao.org/color-convert/download/color-convert-1.9.3.tgz"
    integrity sha1-u3GFBpDh8TZWfeYp0tVHHe2kweg=
    dependencies:
      color-name "1.1.3"
  
  color-name@1.1.3:
    version "1.1.3"
    resolved "https://registry.npm.taobao.org/color-name/download/color-name-1.1.3.tgz"
    integrity sha1-p9BVi9icQveV3UIyj3QIMcpTvCU=
  
  colorette@^1.2.1, colorette@^1.2.2:
    version "1.2.2"
    resolved "https://registry.npm.taobao.org/colorette/download/colorette-1.2.2.tgz?cache=0&sync_timestamp=1614259623635&other_urls=https%3A%2F%2Fregistry.npm.taobao.org%2Fcolorette%2Fdownload%2Fcolorette-1.2.2.tgz"
    integrity sha1-y8x51emcrqLb8Q6zom/Ys+as+pQ=
  
  concat-map@0.0.1:
    version "0.0.1"
    resolved "https://registry.npm.taobao.org/concat-map/download/concat-map-0.0.1.tgz#d8a96bd77fd68df7793a73036a3ba0d5405d477b"
    integrity sha1-2Klr13/Wjfd5OnMDajug1UBdR3s=
  
  convert-source-map@^1.7.0:
    version "1.7.0"
    resolved "https://registry.npm.taobao.org/convert-source-map/download/convert-source-map-1.7.0.tgz?cache=0&other_urls=https%3A%2F%2Fregistry.npm.taobao.org%2Fconvert-source-map%2Fdownload%2Fconvert-source-map-1.7.0.tgz"
    integrity sha1-F6LLiC1/d9NJBYXizmxSRCSjpEI=
    dependencies:
      safe-buffer "~5.1.1"
  
  css-parse@~2.0.0:
    version "2.0.0"
    resolved "https://registry.npm.taobao.org/css-parse/download/css-parse-2.0.0.tgz#a468ee667c16d81ccf05c58c38d2a97c780dbfd4"
    integrity sha1-pGjuZnwW2BzPBcWMONKpfHgNv9Q=
    dependencies:
      css "^2.0.0"
  
  css@^2.0.0:
    version "2.2.4"
    resolved "https://registry.npm.taobao.org/css/download/css-2.2.4.tgz?cache=0&sync_timestamp=1593663564595&other_urls=https%3A%2F%2Fregistry.npm.taobao.org%2Fcss%2Fdownload%2Fcss-2.2.4.tgz#c646755c73971f2bba6a601e2cf2fd71b1298929"
    integrity sha1-xkZ1XHOXHyu6amAeLPL9cbEpiSk=
    dependencies:
      inherits "^2.0.3"
      source-map "^0.6.1"
      source-map-resolve "^0.5.2"
      urix "^0.1.0"
  
  csstype@^3.0.2:
    version "3.0.7"
    resolved "https://registry.npm.taobao.org/csstype/download/csstype-3.0.7.tgz?cache=0&sync_timestamp=1614159662633&other_urls=https%3A%2F%2Fregistry.npm.taobao.org%2Fcsstype%2Fdownload%2Fcsstype-3.0.7.tgz"
    integrity sha1-Kl+3XhAV6E3RVpL3HomhRQKQlQs=
  
  debug@^4.1.0:
    version "4.3.1"
    resolved "https://registry.npm.taobao.org/debug/download/debug-4.3.1.tgz?cache=0&sync_timestamp=1607566580543&other_urls=https%3A%2F%2Fregistry.npm.taobao.org%2Fdebug%2Fdownload%2Fdebug-4.3.1.tgz"
    integrity sha1-8NIpxQXgxtjEmsVT0bE9wYP2su4=
    dependencies:
      ms "2.1.2"
  
  debug@~3.1.0:
    version "3.1.0"
    resolved "https://registry.npm.taobao.org/debug/download/debug-3.1.0.tgz?cache=0&sync_timestamp=1607566580543&other_urls=https%3A%2F%2Fregistry.npm.taobao.org%2Fdebug%2Fdownload%2Fdebug-3.1.0.tgz#5bb5a0672628b64149566ba16819e61518c67261"
    integrity sha1-W7WgZyYotkFJVmuhaBnmFRjGcmE=
    dependencies:
      ms "2.0.0"
  
  decode-uri-component@^0.2.0:
    version "0.2.0"
    resolved "https://registry.npm.taobao.org/decode-uri-component/download/decode-uri-component-0.2.0.tgz#eb3913333458775cb84cd1a1fae062106bb87545"
    integrity sha1-6zkTMzRYd1y4TNGh+uBiEGu4dUU=
  
  electron-to-chromium@^1.3.649:
    version "1.3.709"
    resolved "https://registry.npm.taobao.org/electron-to-chromium/download/electron-to-chromium-1.3.709.tgz"
    integrity sha1-174LVoai/f6LrYmPqjpCjQTY9lY=
  
  esbuild@^0.9.3:
    version "0.9.7"
    resolved "https://registry.npm.taobao.org/esbuild/download/esbuild-0.9.7.tgz"
    integrity sha1-6g1jnL5LiOwl++1Nb/AMjXiO9ws=
  
  escalade@^3.1.1:
    version "3.1.1"
    resolved "https://registry.npm.taobao.org/escalade/download/escalade-3.1.1.tgz?cache=0&sync_timestamp=1602567230854&other_urls=https%3A%2F%2Fregistry.npm.taobao.org%2Fescalade%2Fdownload%2Fescalade-3.1.1.tgz"
    integrity sha1-2M/ccACWXFoBdLSoLqpcBVJ0LkA=
  
  escape-string-regexp@^1.0.5:
    version "1.0.5"
    resolved "https://registry.npm.taobao.org/escape-string-regexp/download/escape-string-regexp-1.0.5.tgz?cache=0&sync_timestamp=1587627107924&other_urls=https%3A%2F%2Fregistry.npm.taobao.org%2Fescape-string-regexp%2Fdownload%2Fescape-string-regexp-1.0.5.tgz"
    integrity sha1-G2HAViGQqN/2rjuyzwIAyhMLhtQ=
  
  fs.realpath@^1.0.0:
    version "1.0.0"
    resolved "https://registry.npm.taobao.org/fs.realpath/download/fs.realpath-1.0.0.tgz#1504ad2523158caa40db4a2787cb01411994ea4f"
    integrity sha1-FQStJSMVjKpA20onh8sBQRmU6k8=
  
  fsevents@~2.3.1:
    version "2.3.2"
    resolved "https://registry.npm.taobao.org/fsevents/download/fsevents-2.3.2.tgz"
    integrity sha1-ilJveLj99GI7cJ4Ll1xSwkwC/Ro=
  
  function-bind@^1.1.1:
    version "1.1.1"
    resolved "https://registry.npm.taobao.org/function-bind/download/function-bind-1.1.1.tgz"
    integrity sha1-pWiZ0+o8m6uHS7l3O3xe3pL0iV0=
  
  gensync@^1.0.0-beta.2:
    version "1.0.0-beta.2"
    resolved "https://registry.npm.taobao.org/gensync/download/gensync-1.0.0-beta.2.tgz?cache=0&sync_timestamp=1603830155677&other_urls=https%3A%2F%2Fregistry.npm.taobao.org%2Fgensync%2Fdownload%2Fgensync-1.0.0-beta.2.tgz"
    integrity sha1-MqbudsPX9S1GsrGuXZP+qFgKJeA=
  
  glob@^7.0.0, glob@^7.1.6:
    version "7.1.6"
    resolved "https://registry.npm.taobao.org/glob/download/glob-7.1.6.tgz#141f33b81a7c2492e125594307480c46679278a6"
    integrity sha1-FB8zuBp8JJLhJVlDB0gMRmeSeKY=
    dependencies:
      fs.realpath "^1.0.0"
      inflight "^1.0.4"
      inherits "2"
      minimatch "^3.0.4"
      once "^1.3.0"
      path-is-absolute "^1.0.0"
  
  globals@^11.1.0:
    version "11.12.0"
    resolved "https://registry.npm.taobao.org/globals/download/globals-11.12.0.tgz?cache=0&sync_timestamp=1616075517371&other_urls=https%3A%2F%2Fregistry.npm.taobao.org%2Fglobals%2Fdownload%2Fglobals-11.12.0.tgz"
    integrity sha1-q4eVM4hooLq9hSV1gBjCp+uVxC4=
  
  has-flag@^3.0.0:
    version "3.0.0"
    resolved "https://registry.npm.taobao.org/has-flag/download/has-flag-3.0.0.tgz"
    integrity sha1-tdRU3CGZriJWmfNGfloH87lVuv0=
  
  has@^1.0.3:
    version "1.0.3"
    resolved "https://registry.npm.taobao.org/has/download/has-1.0.3.tgz"
    integrity sha1-ci18v8H2qoJB8W3YFOAR4fQeh5Y=
    dependencies:
      function-bind "^1.1.1"
  
  inflight@^1.0.4:
    version "1.0.6"
    resolved "https://registry.npm.taobao.org/inflight/download/inflight-1.0.6.tgz#49bd6331d7d02d0c09bc910a1075ba8165b56df9"
    integrity sha1-Sb1jMdfQLQwJvJEKEHW6gWW1bfk=
    dependencies:
      once "^1.3.0"
      wrappy "1"
  
  inherits@2, inherits@^2.0.3:
    version "2.0.4"
    resolved "https://registry.npm.taobao.org/inherits/download/inherits-2.0.4.tgz#0fa2c64f932917c3433a0ded55363aae37416b7c"
    integrity sha1-D6LGT5MpF8NDOg3tVTY6rjdBa3w=
  
  interpret@^1.0.0:
    version "1.4.0"
    resolved "https://registry.npm.taobao.org/interpret/download/interpret-1.4.0.tgz?cache=0&sync_timestamp=1591167206134&other_urls=https%3A%2F%2Fregistry.npm.taobao.org%2Finterpret%2Fdownload%2Finterpret-1.4.0.tgz#665ab8bc4da27a774a40584e812e3e0fa45b1a1e"
    integrity sha1-Zlq4vE2iendKQFhOgS4+D6RbGh4=
  
  is-core-module@^2.2.0:
    version "2.2.0"
    resolved "https://registry.npm.taobao.org/is-core-module/download/is-core-module-2.2.0.tgz?cache=0&sync_timestamp=1606411666495&other_urls=https%3A%2F%2Fregistry.npm.taobao.org%2Fis-core-module%2Fdownload%2Fis-core-module-2.2.0.tgz"
    integrity sha1-lwN+89UiJNhRY/VZeytj2a/tmBo=
    dependencies:
      has "^1.0.3"
  
  "js-tokens@^3.0.0 || ^4.0.0", js-tokens@^4.0.0:
    version "4.0.0"
    resolved "https://registry.npm.taobao.org/js-tokens/download/js-tokens-4.0.0.tgz"
    integrity sha1-GSA/tZmR35jjoocFDUZHzerzJJk=
  
  jsesc@^2.5.1:
    version "2.5.2"
    resolved "https://registry.npm.taobao.org/jsesc/download/jsesc-2.5.2.tgz?cache=0&sync_timestamp=1603891224688&other_urls=https%3A%2F%2Fregistry.npm.taobao.org%2Fjsesc%2Fdownload%2Fjsesc-2.5.2.tgz"
    integrity sha1-gFZNLkg9rPbo7yCWUKZ98/DCg6Q=
  
  json5@^2.1.2:
    version "2.2.0"
    resolved "https://registry.npm.taobao.org/json5/download/json5-2.2.0.tgz"
    integrity sha1-Lf7+cgxrpSXZ69kJlQ8FFTFsiaM=
    dependencies:
      minimist "^1.2.5"
  
  lodash@^4.17.19:
    version "4.17.21"
    resolved "https://registry.npm.taobao.org/lodash/download/lodash-4.17.21.tgz"
    integrity sha1-Z5WRxWTDv/quhFTPCz3zcMPWkRw=
  
  loose-envify@^1.1.0:
    version "1.4.0"
    resolved "https://registry.npm.taobao.org/loose-envify/download/loose-envify-1.4.0.tgz"
    integrity sha1-ce5R+nvkyuwaY4OffmgtgTLTDK8=
    dependencies:
      js-tokens "^3.0.0 || ^4.0.0"
  
  minimatch@^3.0.4:
    version "3.0.4"
    resolved "https://registry.npm.taobao.org/minimatch/download/minimatch-3.0.4.tgz#5166e286457f03306064be5497e8dbb0c3d32083"
    integrity sha1-UWbihkV/AzBgZL5Ul+jbsMPTIIM=
    dependencies:
      brace-expansion "^1.1.7"
  
  minimist@^1.2.5:
    version "1.2.5"
    resolved "https://registry.npm.taobao.org/minimist/download/minimist-1.2.5.tgz"
    integrity sha1-Z9ZgFLZqaoqqDAg8X9WN9OTpdgI=
  
  mkdirp@~1.0.4:
    version "1.0.4"
    resolved "https://registry.npm.taobao.org/mkdirp/download/mkdirp-1.0.4.tgz#3eb5ed62622756d79a5f0e2a221dfebad75c2f7e"
    integrity sha1-PrXtYmInVteaXw4qIh3+utdcL34=
  
  ms@2.0.0:
    version "2.0.0"
    resolved "https://registry.npm.taobao.org/ms/download/ms-2.0.0.tgz#5608aeadfc00be6c2901df5f9861788de0d597c8"
    integrity sha1-VgiurfwAvmwpAd9fmGF4jeDVl8g=
  
  ms@2.1.2:
    version "2.1.2"
    resolved "https://registry.npm.taobao.org/ms/download/ms-2.1.2.tgz"
    integrity sha1-0J0fNXtEP0kzgqjrPM0YOHKuYAk=
  
  nanoid@^3.1.22:
    version "3.1.22"
    resolved "https://registry.npm.taobao.org/nanoid/download/nanoid-3.1.22.tgz?cache=0&sync_timestamp=1615820310415&other_urls=https%3A%2F%2Fregistry.npm.taobao.org%2Fnanoid%2Fdownload%2Fnanoid-3.1.22.tgz"
    integrity sha1-s1+Pt9FRmQqK69WqUBXAPPcm+EQ=
  
  node-releases@^1.1.70:
    version "1.1.71"
    resolved "https://registry.npm.taobao.org/node-releases/download/node-releases-1.1.71.tgz"
    integrity sha1-yxM0sXmJaxyJ7P3UtyX7e738fbs=
  
  object-assign@^4.1.1:
    version "4.1.1"
    resolved "https://registry.npm.taobao.org/object-assign/download/object-assign-4.1.1.tgz"
    integrity sha1-IQmtx5ZYh8/AXLvUQsrIv7s2CGM=
  
  once@^1.3.0:
    version "1.4.0"
    resolved "https://registry.npm.taobao.org/once/download/once-1.4.0.tgz#583b1aa775961d4b113ac17d9c50baef9dd76bd1"
    integrity sha1-WDsap3WWHUsROsF9nFC6753Xa9E=
    dependencies:
      wrappy "1"
  
  path-is-absolute@^1.0.0:
    version "1.0.1"
    resolved "https://registry.npm.taobao.org/path-is-absolute/download/path-is-absolute-1.0.1.tgz#174b9268735534ffbc7ace6bf53a5a9e1b5c5f5f"
    integrity sha1-F0uSaHNVNP+8es5r9TpanhtcX18=
  
  path-parse@^1.0.6:
    version "1.0.6"
    resolved "https://registry.npm.taobao.org/path-parse/download/path-parse-1.0.6.tgz"
    integrity sha1-1i27VnlAXXLEc37FhgDp3c8G0kw=
  
  postcss@^8.2.1:
    version "8.2.9"
    resolved "https://registry.npm.taobao.org/postcss/download/postcss-8.2.9.tgz?cache=0&sync_timestamp=1617137694969&other_urls=https%3A%2F%2Fregistry.npm.taobao.org%2Fpostcss%2Fdownload%2Fpostcss-8.2.9.tgz"
    integrity sha1-/ZX/N7XO5VxAmz/dI3KWq0CW+6M=
    dependencies:
      colorette "^1.2.2"
      nanoid "^3.1.22"
      source-map "^0.6.1"
  
  react-dom@^17.0.0:
    version "17.0.2"
    resolved "https://registry.npm.taobao.org/react-dom/download/react-dom-17.0.2.tgz?cache=0&sync_timestamp=1617727257951&other_urls=https%3A%2F%2Fregistry.npm.taobao.org%2Freact-dom%2Fdownload%2Freact-dom-17.0.2.tgz"
    integrity sha1-7P+2hF462Nv83EmPDQqTlzZQLCM=
    dependencies:
      loose-envify "^1.1.0"
      object-assign "^4.1.1"
      scheduler "^0.20.2"
  
  react-refresh@^0.9.0:
    version "0.9.0"
    resolved "https://registry.npm.taobao.org/react-refresh/download/react-refresh-0.9.0.tgz"
    integrity sha1-cYYzN63D5cL4pr/d0Srjv+Mqr78=
  
  react@^17.0.0:
    version "17.0.2"
    resolved "https://registry.npm.taobao.org/react/download/react-17.0.2.tgz?cache=0&sync_timestamp=1617727256653&other_urls=https%3A%2F%2Fregistry.npm.taobao.org%2Freact%2Fdownload%2Freact-17.0.2.tgz"
    integrity sha1-0LXMUW0p6z7uOD91tihkz7aAADc=
    dependencies:
      loose-envify "^1.1.0"
      object-assign "^4.1.1"
  
  rechoir@^0.6.2:
    version "0.6.2"
    resolved "https://registry.npm.taobao.org/rechoir/download/rechoir-0.6.2.tgz#85204b54dba82d5742e28c96756ef43af50e3384"
    integrity sha1-hSBLVNuoLVdC4oyWdW70OvUOM4Q=
    dependencies:
      resolve "^1.1.6"
  
  resolve-url@^0.2.1:
    version "0.2.1"
    resolved "https://registry.npm.taobao.org/resolve-url/download/resolve-url-0.2.1.tgz#2c637fe77c893afd2a663fe21aa9080068e2052a"
    integrity sha1-LGN/53yJOv0qZj/iGqkIAGjiBSo=
  
  resolve@^1.1.6, resolve@^1.19.0:
    version "1.20.0"
    resolved "https://registry.npm.taobao.org/resolve/download/resolve-1.20.0.tgz"
    integrity sha1-YpoBP7P3B1XW8LeTXMHCxTeLGXU=
    dependencies:
      is-core-module "^2.2.0"
      path-parse "^1.0.6"
  
  rollup@^2.38.5:
    version "2.44.0"
    resolved "https://registry.npm.taobao.org/rollup/download/rollup-2.44.0.tgz?cache=0&sync_timestamp=1617027382362&other_urls=https%3A%2F%2Fregistry.npm.taobao.org%2Frollup%2Fdownload%2Frollup-2.44.0.tgz"
    integrity sha1-jaMk0cT9Er7vmubhL0BoJlttles=
    optionalDependencies:
      fsevents "~2.3.1"
  
  rotate-dom@^0.0.1:
    version "0.0.1"
    resolved "https://registry.npm.taobao.org/rotate-dom/download/rotate-dom-0.0.1.tgz?cache=0&sync_timestamp=1617820079618&other_urls=https%3A%2F%2Fregistry.npm.taobao.org%2Frotate-dom%2Fdownload%2Frotate-dom-0.0.1.tgz#4f6fde3eeabcc9111f62f0c0e6d4e9c6b1165dd4"
    integrity sha1-T2/ePuq8yREfYvDA5tTpxrEWXdQ=
    dependencies:
      react "^17.0.0"
      react-dom "^17.0.0"
  
  rotate-dom@^0.0.3:
    version "0.0.3"
    resolved "https://registry.npm.taobao.org/rotate-dom/download/rotate-dom-0.0.3.tgz?cache=0&sync_timestamp=1617820594568&other_urls=https%3A%2F%2Fregistry.npm.taobao.org%2Frotate-dom%2Fdownload%2Frotate-dom-0.0.3.tgz#63737482bb553740622e65ef4ec9e4264ce99d58"
    integrity sha1-Y3N0grtVN0BiLmXvTsnkJkzpnVg=
    dependencies:
      react "^17.0.0"
      react-dom "^17.0.0"
      rotate-dom "^0.0.1"
  
  safe-buffer@~5.1.1:
    version "5.1.2"
    resolved "https://registry.npm.taobao.org/safe-buffer/download/safe-buffer-5.1.2.tgz?cache=0&sync_timestamp=1589129103371&other_urls=https%3A%2F%2Fregistry.npm.taobao.org%2Fsafe-buffer%2Fdownload%2Fsafe-buffer-5.1.2.tgz"
    integrity sha1-mR7GnSluAxN0fVm9/St0XDX4go0=
  
  safer-buffer@^2.1.2:
    version "2.1.2"
    resolved "https://registry.npm.taobao.org/safer-buffer/download/safer-buffer-2.1.2.tgz#44fa161b0187b9549dd84bb91802f9bd8385cd6a"
    integrity sha1-RPoWGwGHuVSd2Eu5GAL5vYOFzWo=
  
  sax@~1.2.4:
    version "1.2.4"
    resolved "https://registry.npm.taobao.org/sax/download/sax-1.2.4.tgz#2816234e2378bddc4e5354fab5caa895df7100d9"
    integrity sha1-KBYjTiN4vdxOU1T6tcqold9xANk=
  
  scheduler@^0.20.2:
    version "0.20.2"
    resolved "https://registry.npm.taobao.org/scheduler/download/scheduler-0.20.2.tgz?cache=0&sync_timestamp=1617727232391&other_urls=https%3A%2F%2Fregistry.npm.taobao.org%2Fscheduler%2Fdownload%2Fscheduler-0.20.2.tgz"
    integrity sha1-S67jlDbjSqk7SHS93L8P6Li1DpE=
    dependencies:
      loose-envify "^1.1.0"
      object-assign "^4.1.1"
  
  semver@^6.3.0:
    version "6.3.0"
    resolved "https://registry.npm.taobao.org/semver/download/semver-6.3.0.tgz?cache=0&sync_timestamp=1616463603361&other_urls=https%3A%2F%2Fregistry.npm.taobao.org%2Fsemver%2Fdownload%2Fsemver-6.3.0.tgz"
    integrity sha1-7gpkyK9ejO6mdoexM3YeG+y9HT0=
  
  shelljs@^0.8.4:
    version "0.8.4"
    resolved "https://registry.npm.taobao.org/shelljs/download/shelljs-0.8.4.tgz#de7684feeb767f8716b326078a8a00875890e3c2"
    integrity sha1-3naE/ut2f4cWsyYHiooAh1iQ48I=
    dependencies:
      glob "^7.0.0"
      interpret "^1.0.0"
      rechoir "^0.6.2"
  
  source-map-resolve@^0.5.2:
    version "0.5.3"
    resolved "https://registry.npm.taobao.org/source-map-resolve/download/source-map-resolve-0.5.3.tgz#190866bece7553e1f8f267a2ee82c606b5509a1a"
    integrity sha1-GQhmvs51U+H48mei7oLGBrVQmho=
    dependencies:
      atob "^2.1.2"
      decode-uri-component "^0.2.0"
      resolve-url "^0.2.1"
      source-map-url "^0.4.0"
      urix "^0.1.0"
  
  source-map-url@^0.4.0:
    version "0.4.1"
    resolved "https://registry.npm.taobao.org/source-map-url/download/source-map-url-0.4.1.tgz?cache=0&sync_timestamp=1612211015749&other_urls=https%3A%2F%2Fregistry.npm.taobao.org%2Fsource-map-url%2Fdownload%2Fsource-map-url-0.4.1.tgz#0af66605a745a5a2f91cf1bbf8a7afbc283dec56"
    integrity sha1-CvZmBadFpaL5HPG7+KevvCg97FY=
  
  source-map@^0.5.0:
    version "0.5.7"
    resolved "https://registry.npm.taobao.org/source-map/download/source-map-0.5.7.tgz"
    integrity sha1-igOdLRAh0i0eoUyA2OpGi6LvP8w=
  
  source-map@^0.6.1:
    version "0.6.1"
    resolved "https://registry.npm.taobao.org/source-map/download/source-map-0.6.1.tgz"
    integrity sha1-dHIq8y6WFOnCh6jQu95IteLxomM=
  
  source-map@^0.7.3:
    version "0.7.3"
    resolved "https://registry.npm.taobao.org/source-map/download/source-map-0.7.3.tgz#5302f8169031735226544092e64981f751750383"
    integrity sha1-UwL4FpAxc1ImVECS5kmB91F1A4M=
  
  stylus@^0.54.8:
    version "0.54.8"
    resolved "https://registry.npm.taobao.org/stylus/download/stylus-0.54.8.tgz?cache=0&sync_timestamp=1594899717958&other_urls=https%3A%2F%2Fregistry.npm.taobao.org%2Fstylus%2Fdownload%2Fstylus-0.54.8.tgz#3da3e65966bc567a7b044bfe0eece653e099d147"
    integrity sha1-PaPmWWa8Vnp7BEv+DuzmU+CZ0Uc=
    dependencies:
      css-parse "~2.0.0"
      debug "~3.1.0"
      glob "^7.1.6"
      mkdirp "~1.0.4"
      safer-buffer "^2.1.2"
      sax "~1.2.4"
      semver "^6.3.0"
      source-map "^0.7.3"
  
  supports-color@^5.3.0:
    version "5.5.0"
    resolved "https://registry.npm.taobao.org/supports-color/download/supports-color-5.5.0.tgz?cache=0&sync_timestamp=1611394043517&other_urls=https%3A%2F%2Fregistry.npm.taobao.org%2Fsupports-color%2Fdownload%2Fsupports-color-5.5.0.tgz"
    integrity sha1-4uaaRKyHcveKHsCzW2id9lMO/I8=
    dependencies:
      has-flag "^3.0.0"
  
  to-fast-properties@^2.0.0:
    version "2.0.0"
    resolved "https://registry.npm.taobao.org/to-fast-properties/download/to-fast-properties-2.0.0.tgz?cache=0&sync_timestamp=1580550296062&other_urls=https%3A%2F%2Fregistry.npm.taobao.org%2Fto-fast-properties%2Fdownload%2Fto-fast-properties-2.0.0.tgz"
    integrity sha1-3F5pjL0HkmW8c+A3doGk5Og/YW4=
  
  typescript@^4.1.2:
    version "4.2.3"
    resolved "https://registry.npm.taobao.org/typescript/download/typescript-4.2.3.tgz?cache=0&sync_timestamp=1617693643831&other_urls=https%3A%2F%2Fregistry.npm.taobao.org%2Ftypescript%2Fdownload%2Ftypescript-4.2.3.tgz"
    integrity sha1-OQYtgBmRLUNyYpjwlJPVmASMHOM=
  
  urix@^0.1.0:
    version "0.1.0"
    resolved "https://registry.npm.taobao.org/urix/download/urix-0.1.0.tgz#da937f7a62e21fec1fd18d49b35c2935067a6c72"
    integrity sha1-2pN/emLiH+wf0Y1Js1wpNQZ6bHI=
  
  vite@^2.1.5:
    version "2.1.5"
    resolved "https://registry.npm.taobao.org/vite/download/vite-2.1.5.tgz?cache=0&sync_timestamp=1617153043581&other_urls=https%3A%2F%2Fregistry.npm.taobao.org%2Fvite%2Fdownload%2Fvite-2.1.5.tgz"
    integrity sha1-SFfaRBxi95gsg8vV9CoAMw8gycE=
    dependencies:
      esbuild "^0.9.3"
      postcss "^8.2.1"
      resolve "^1.19.0"
      rollup "^2.38.5"
    optionalDependencies:
      fsevents "~2.3.1"
  
  wrappy@1:
    version "1.0.2"
    resolved "https://registry.npm.taobao.org/wrappy/download/wrappy-1.0.2.tgz#b5243d8f3ec1aa35f1364605bc0d1036e30ab69f"
    integrity sha1-tSQ9jz7BqjXxNkYFvA0QNuMKtp8=
